<?xml version="1.0" encoding="UTF-8"?>
<!-- Generated by org.testng.reporters.JUnitReportReporter -->
<testsuite hostname="LAPTOP-9B01OS6D" failures="0" tests="1" name="EndToEndScenarios.CreateProjectVerifyInDatabase" time="2.156" errors="0" timestamp="2022-08-11T11:19:23 IST" skipped="0">
  <testcase classname="EndToEndScenarios.CreateProjectVerifyInDatabase" name="createTheProject" time="2.156"/>
  <system-out/>
</testsuite> <!-- EndToEndScenarios.CreateProjectVerifyInDatabase -->
