<?xml version="1.0" encoding="UTF-8"?>
<!-- Generated by org.testng.reporters.JUnitReportReporter -->
<testsuite hostname="LAPTOP-9B01OS6D" failures="0" tests="1" name="SerializationDeserializtion.SerializtionEmployeeDeatils" time="0.295" errors="0" timestamp="2022-07-28T13:26:04 IST" skipped="0">
  <testcase classname="SerializationDeserializtion.SerializtionEmployeeDeatils" name="serializtionEmpSetailsTest" time="0.295"/>
  <system-out/>
</testsuite> <!-- SerializationDeserializtion.SerializtionEmployeeDeatils -->
