<?xml version="1.0" encoding="UTF-8"?>
<!-- Generated by org.testng.reporters.JUnitReportReporter -->
<testsuite hostname="LAPTOP-9B01OS6D" failures="0" tests="1" name="BasicCRUDwithBDD.UpdateProjectTest" time="1.439" errors="0" timestamp="2022-08-08T17:00:39 IST" skipped="0">
  <testcase classname="BasicCRUDwithBDD.UpdateProjectTest" name="updateProjectTest" time="1.439"/>
  <system-out/>
</testsuite> <!-- BasicCRUDwithBDD.UpdateProjectTest -->
