<?xml version="1.0" encoding="UTF-8"?>
<!-- Generated by org.testng.reporters.JUnitReportReporter -->
<testsuite hostname="LAPTOP-9B01OS6D" failures="0" tests="1" name="BasicCRUDwithBDD.CreateProjectTest" time="3.192" errors="0" timestamp="2022-08-09T21:33:46 IST" skipped="0">
  <testcase classname="BasicCRUDwithBDD.CreateProjectTest" name="createProjectTest" time="3.192"/>
  <system-out/>
</testsuite> <!-- BasicCRUDwithBDD.CreateProjectTest -->
