<?xml version="1.0" encoding="UTF-8"?>
<!-- Generated by org.testng.reporters.JUnitReportReporter -->
<testsuite hostname="LAPTOP-9B01OS6D" failures="0" tests="1" name="BasicCRUDoperation.LoginRMGwithAuthTest" time="1.456" errors="0" timestamp="2022-08-08T15:16:23 IST" skipped="0">
  <testcase classname="BasicCRUDoperation.LoginRMGwithAuthTest" name="loginRMGwithAuthTest" time="1.456"/>
  <system-out/>
</testsuite> <!-- BasicCRUDoperation.LoginRMGwithAuthTest -->
