<?xml version="1.0" encoding="UTF-8"?>
<!-- Generated by org.testng.reporters.JUnitReportReporter -->
<testsuite hostname="LAPTOP-9B01OS6D" failures="0" tests="1" name="RequestChaining.RequestChainingTest" time="2.857" errors="0" timestamp="2022-08-10T12:25:13 IST" skipped="0">
  <testcase classname="RequestChaining.RequestChainingTest" name="requestChainingTest" time="2.857"/>
  <system-out/>
</testsuite> <!-- RequestChaining.RequestChainingTest -->
