<?xml version="1.0" encoding="UTF-8"?>
<!-- Generated by org.testng.reporters.JUnitReportReporter -->
<testsuite hostname="LAPTOP-9B01OS6D" failures="0" tests="1" name="SerializationDeserializtion.DeserializationEmployeeDeatilsObject" time="0.227" errors="0" timestamp="2022-08-04T22:16:02 IST" skipped="0">
  <testcase classname="SerializationDeserializtion.DeserializationEmployeeDeatilsObject" name="DeserializationEmployeeDeatilsObjectTest" time="0.227"/>
  <system-out/>
</testsuite> <!-- SerializationDeserializtion.DeserializationEmployeeDeatilsObject -->
