<?xml version="1.0" encoding="UTF-8"?>
<!-- Generated by org.testng.reporters.JUnitReportReporter -->
<testsuite hostname="LAPTOP-9B01OS6D" failures="0" tests="1" name="BasicCRUDoperation.DeleteProjectTest" time="2.137" errors="0" timestamp="2022-08-07T21:21:30 IST" skipped="0">
  <testcase classname="BasicCRUDoperation.DeleteProjectTest" name="deleteProjectTest" time="2.137"/>
  <system-out/>
</testsuite> <!-- BasicCRUDoperation.DeleteProjectTest -->
