<?xml version="1.0" encoding="UTF-8"?>
<!-- Generated by org.testng.reporters.JUnitReportReporter -->
<testsuite hostname="LAPTOP-9B01OS6D" failures="0" tests="1" name="ParameteriZation.QueryParameter" time="3.200" errors="0" timestamp="2022-08-10T11:40:38 IST" skipped="0">
  <testcase classname="ParameteriZation.QueryParameter" name="getThepParticularPageTest" time="3.200"/>
  <system-out/>
</testsuite> <!-- ParameteriZation.QueryParameter -->
