<?xml version="1.0" encoding="UTF-8"?>
<!-- Generated by org.testng.reporters.JUnitReportReporter -->
<testsuite hostname="LAPTOP-9B01OS6D" failures="0" tests="1" name="Authentication.BearerTokenTest" time="4.679" errors="0" timestamp="2022-08-10T15:25:46 IST" skipped="0">
  <testcase classname="Authentication.BearerTokenTest" name="bearerTokenTest" time="4.679"/>
  <system-out/>
</testsuite> <!-- Authentication.BearerTokenTest -->
