<?xml version="1.0" encoding="UTF-8"?>
<!-- Generated by org.testng.reporters.JUnitReportReporter -->
<testsuite hostname="LAPTOP-9B01OS6D" failures="0" tests="3" name="Authentication.BasicAuth" time="2.260" errors="0" timestamp="2022-08-10T13:22:00 IST" skipped="0">
  <testcase classname="Authentication.BasicAuth" name="loginRMGBasicAuth" time="0.137"/>
  <system-out/>
  <testcase classname="Authentication.BasicAuth" name="digestauth" time="1.984"/>
  <system-out/>
  <testcase classname="Authentication.BasicAuth" name="preEmptiveAuth" time="0.139"/>
  <system-out/>
</testsuite> <!-- Authentication.BasicAuth -->
