<?xml version="1.0" encoding="UTF-8"?>
<!-- Generated by org.testng.reporters.JUnitReportReporter -->
<testsuite hostname="LAPTOP-9B01OS6D" failures="0" tests="1" name="BasicCRUDwithBDD.DeleteProjectTestBDD" time="1.788" errors="0" timestamp="2022-08-08T17:38:05 IST" skipped="0">
  <testcase classname="BasicCRUDwithBDD.DeleteProjectTestBDD" name="deleteProjectTestBDD" time="1.788"/>
  <system-out/>
</testsuite> <!-- BasicCRUDwithBDD.DeleteProjectTestBDD -->
