<?xml version="1.0" encoding="UTF-8"?>
<!-- Generated by org.testng.reporters.JUnitReportReporter -->
<testsuite hostname="LAPTOP-9B01OS6D" failures="0" tests="1" name="DifftWaysToPosttheRequest.CreateProjectwithHashMap" time="2.488" errors="0" timestamp="2022-08-09T12:42:17 IST" skipped="0">
  <testcase classname="DifftWaysToPosttheRequest.CreateProjectwithHashMap" name="createProject" time="2.488"/>
  <system-out/>
</testsuite> <!-- DifftWaysToPosttheRequest.CreateProjectwithHashMap -->
