<?xml version="1.0" encoding="UTF-8"?>
<!-- Generated by org.testng.reporters.JUnitReportReporter -->
<testsuite hostname="LAPTOP-9B01OS6D" failures="0" tests="1" name="RequestChaining.RequestChaningwith4API" time="2.912" errors="0" timestamp="2022-08-10T13:03:33 IST" skipped="0">
  <testcase classname="RequestChaining.RequestChaningwith4API" name="requestChaining" time="2.912"/>
  <system-out/>
</testsuite> <!-- RequestChaining.RequestChaningwith4API -->
