<?xml version="1.0" encoding="UTF-8"?>
<!-- Generated by org.testng.reporters.JUnitReportReporter -->
<testsuite hostname="LAPTOP-9B01OS6D" failures="0" tests="1" name="BasicCRUDwithBDD.GetAllProjectsTest" time="1.864" errors="0" timestamp="2022-08-10T11:33:21 IST" skipped="0">
  <testcase classname="BasicCRUDwithBDD.GetAllProjectsTest" name="getAllProjectsTest" time="1.864"/>
  <system-out/>
</testsuite> <!-- BasicCRUDwithBDD.GetAllProjectsTest -->
