<?xml version="1.0" encoding="UTF-8"?>
<!-- Generated by org.testng.reporters.JUnitReportReporter -->
<testsuite hostname="LAPTOP-9B01OS6D" failures="0" tests="1" name="SerializationDeserializtion.SerializationwithObjectTest" time="0.245" errors="0" timestamp="2022-07-28T21:19:41 IST" skipped="0">
  <testcase classname="SerializationDeserializtion.SerializationwithObjectTest" name="SerializationwithObjectTest1" time="0.245"/>
  <system-out/>
</testsuite> <!-- SerializationDeserializtion.SerializationwithObjectTest -->
