<?xml version="1.0" encoding="UTF-8"?>
<!-- Generated by org.testng.reporters.JUnitReportReporter -->
<testsuite hostname="LAPTOP-9B01OS6D" failures="0" tests="1" name="ParameteriZation.PathParameter" time="1.937" errors="0" timestamp="2022-08-10T11:33:46 IST" skipped="0">
  <testcase classname="ParameteriZation.PathParameter" name="getSingleProjectTest" time="1.937"/>
  <system-out/>
</testsuite> <!-- ParameteriZation.PathParameter -->
