<?xml version="1.0" encoding="UTF-8"?>
<!-- Generated by org.testng.reporters.JUnitReportReporter -->
<testsuite hostname="LAPTOP-9B01OS6D" failures="0" tests="1" name="ResponseValidation.StaticResponseValidation" time="2.946" errors="0" timestamp="2022-08-10T10:36:11 IST" skipped="0">
  <testcase classname="ResponseValidation.StaticResponseValidation" name="staticResponseValidationTest" time="2.946"/>
  <system-out/>
</testsuite> <!-- ResponseValidation.StaticResponseValidation -->
