<?xml version="1.0" encoding="UTF-8"?>
<!-- Generated by org.testng.reporters.JUnitReportReporter -->
<testsuite hostname="LAPTOP-9B01OS6D" failures="0" tests="1" name="ResponseValidation.DynamicResponseValidation" time="2.385" errors="0" timestamp="2022-08-09T21:54:10 IST" skipped="0">
  <testcase classname="ResponseValidation.DynamicResponseValidation" name="dynamicResponseValidationTest" time="2.385"/>
  <system-out/>
</testsuite> <!-- ResponseValidation.DynamicResponseValidation -->
