<?xml version="1.0" encoding="UTF-8"?>
<!-- Generated by org.testng.reporters.JUnitReportReporter -->
<testsuite hostname="LAPTOP-9B01OS6D" failures="0" tests="1" name="BasicCRUDoperation.CreatetheProjectwithXMLFormateTest" time="2.249" errors="0" timestamp="2022-08-08T11:55:14 IST" skipped="0">
  <testcase classname="BasicCRUDoperation.CreatetheProjectwithXMLFormateTest" name="createtheProjectwithXMLFormateTest" time="2.249"/>
  <system-out/>
</testsuite> <!-- BasicCRUDoperation.CreatetheProjectwithXMLFormateTest -->
