<?xml version="1.0" encoding="UTF-8"?>
<!-- Generated by org.testng.reporters.JUnitReportReporter -->
<testsuite hostname="LAPTOP-9B01OS6D" failures="0" tests="1" name="BasicCRUDoperation.UpdateProjectTest" time="2.360" errors="0" timestamp="2022-08-08T12:24:57 IST" skipped="0">
  <testcase classname="BasicCRUDoperation.UpdateProjectTest" name="updateProjectTest" time="2.360"/>
  <system-out/>
</testsuite> <!-- BasicCRUDoperation.UpdateProjectTest -->
