<?xml version="1.0" encoding="UTF-8"?>
<!-- Generated by org.testng.reporters.JUnitReportReporter -->
<testsuite hostname="LAPTOP-9B01OS6D" failures="0" tests="1" name="SerializationDeserializtion.SerializationEmpDeatailswithArray" time="0.230" errors="0" timestamp="2022-07-28T21:37:03 IST" skipped="0">
  <testcase classname="SerializationDeserializtion.SerializationEmpDeatailswithArray" name="SerializationEmpDeatailswithArrayTest" time="0.230"/>
  <system-out/>
</testsuite> <!-- SerializationDeserializtion.SerializationEmpDeatailswithArray -->
