<?xml version="1.0" encoding="UTF-8"?>
<!-- Generated by org.testng.reporters.JUnitReportReporter -->
<testsuite hostname="LAPTOP-9B01OS6D" failures="0" tests="1" name="BasicCRUDoperation.CreateProjectTest" time="2.207" errors="0" timestamp="2022-08-07T21:22:52 IST" skipped="0">
  <testcase classname="BasicCRUDoperation.CreateProjectTest" name="createProjectTest" time="2.207"/>
  <system-out/>
</testsuite> <!-- BasicCRUDoperation.CreateProjectTest -->
