<?xml version="1.0" encoding="UTF-8"?>
<!-- Generated by org.testng.reporters.JUnitReportReporter -->
<testsuite hostname="LAPTOP-9B01OS6D" failures="0" tests="1" name="ResponseValidation.ResponseTimeValidationwithMatchers" time="1.856" errors="0" timestamp="2022-08-09T22:51:52 IST" skipped="0">
  <testcase classname="ResponseValidation.ResponseTimeValidationwithMatchers" name="responseTimeValidationTest" time="1.856"/>
  <system-out/>
</testsuite> <!-- ResponseValidation.ResponseTimeValidationwithMatchers -->
