<?xml version="1.0" encoding="UTF-8"?>
<!-- Generated by org.testng.reporters.JUnitReportReporter -->
<testsuite hostname="LAPTOP-9B01OS6D" failures="0" tests="1" name="ResponseValidation.ResponseTimeValidation" time="1.676" errors="0" timestamp="2022-08-09T22:17:48 IST" skipped="0">
  <testcase classname="ResponseValidation.ResponseTimeValidation" name="resPonseTimeValidationTest" time="1.676"/>
  <system-out/>
</testsuite> <!-- ResponseValidation.ResponseTimeValidation -->
