<?xml version="1.0" encoding="UTF-8"?>
<!-- Generated by org.testng.reporters.JUnitReportReporter -->
<testsuite hostname="LAPTOP-9B01OS6D" failures="0" tests="1" name="DifftWaysToPosttheRequest.CreateProjectwithPOJOClass" time="2.205" errors="0" timestamp="2022-08-09T13:21:49 IST" skipped="0">
  <testcase classname="DifftWaysToPosttheRequest.CreateProjectwithPOJOClass" name="createProject" time="2.205"/>
  <system-out/>
</testsuite> <!-- DifftWaysToPosttheRequest.CreateProjectwithPOJOClass -->
