<?xml version="1.0" encoding="UTF-8"?>
<!-- Generated by org.testng.reporters.JUnitReportReporter -->
<testsuite hostname="LAPTOP-9B01OS6D" failures="0" tests="1" name="SerializationDeserializtion.DeserializationEmployeeDetailswithArray" time="0.289" errors="0" timestamp="2022-07-28T21:36:34 IST" skipped="0">
  <testcase classname="SerializationDeserializtion.DeserializationEmployeeDetailswithArray" name="DeserializationEmployeeDetailswithArrayTest" time="0.289"/>
  <system-out/>
</testsuite> <!-- SerializationDeserializtion.DeserializationEmployeeDetailswithArray -->
