<?xml version="1.0" encoding="UTF-8"?>
<!-- Generated by org.testng.reporters.JUnitReportReporter -->
<testsuite hostname="LAPTOP-9B01OS6D" failures="0" tests="1" name="Authentication.Oauth2_0" time="2.772" errors="0" timestamp="2022-08-10T21:31:25 IST" skipped="0">
  <testcase classname="Authentication.Oauth2_0" name="oauth2_0Test" time="2.772"/>
  <system-out/>
</testsuite> <!-- Authentication.Oauth2_0 -->
