<?xml version="1.0" encoding="UTF-8"?>
<!-- Generated by org.testng.reporters.JUnitReportReporter -->
<testsuite hostname="LAPTOP-9B01OS6D" failures="0" tests="1" name="BasicCRUDoperation.GetAllProjectsTest" time="1.876" errors="0" timestamp="2022-08-07T21:28:29 IST" skipped="0">
  <testcase classname="BasicCRUDoperation.GetAllProjectsTest" name="getAllProjects" time="1.876"/>
  <system-out/>
</testsuite> <!-- BasicCRUDoperation.GetAllProjectsTest -->
