<?xml version="1.0" encoding="UTF-8"?>
<!-- Generated by org.testng.reporters.JUnitReportReporter -->
<testsuite hostname="LAPTOP-9B01OS6D" failures="0" tests="3" name="DataDrivenTesting.CreateMultipleProjectsTest" time="2.361" errors="0" timestamp="2022-08-10T10:01:08 IST" skipped="0">
  <testcase classname="DataDrivenTesting.CreateMultipleProjectsTest" name="createProject" time="2.281"/>
  <system-out/>
  <testcase classname="DataDrivenTesting.CreateMultipleProjectsTest" name="createProject" time="0.036"/>
  <system-out/>
  <testcase classname="DataDrivenTesting.CreateMultipleProjectsTest" name="createProject" time="0.044"/>
  <system-out/>
</testsuite> <!-- DataDrivenTesting.CreateMultipleProjectsTest -->
