<?xml version="1.0" encoding="UTF-8"?>
<!-- Generated by org.testng.reporters.JUnitReportReporter -->
<testsuite hostname="LAPTOP-9B01OS6D" failures="0" tests="1" name="ParameteriZation.FormParameter" time="4.258" errors="0" timestamp="2022-08-10T12:05:07 IST" skipped="0">
  <testcase classname="ParameteriZation.FormParameter" name="createtheProjectTest" time="4.258"/>
  <system-out/>
</testsuite> <!-- ParameteriZation.FormParameter -->
