<?xml version="1.0" encoding="UTF-8"?>
<!-- Generated by org.testng.reporters.JUnitReportReporter -->
<testsuite hostname="LAPTOP-9B01OS6D" failures="0" tests="1" name="SerializationDeserializtion.DeserializationEmployeeDetails" time="0.236" errors="0" timestamp="2022-07-28T15:16:23 IST" skipped="0">
  <testcase classname="SerializationDeserializtion.DeserializationEmployeeDetails" name="DeserializationEmpDetailsTest" time="0.236"/>
  <system-out/>
</testsuite> <!-- SerializationDeserializtion.DeserializationEmployeeDetails -->
